2025-01-14 02:42:39 INFO  Utils:112 - [TestNG] Running:
  C:\Users\Lenovo\eclipse-workspace\OpenCartV369\master.xml

2025-01-14 02:42:42 INFO  TC003_LoginDDT:18 - *** Starting TC003_LoginDDT ***
2025-01-14 02:42:54 INFO  TC003_LoginDDT:18 - *** Starting TC003_LoginDDT ***
2025-01-14 02:42:55 INFO  TC003_LoginDDT:64 - *** Finished TC003_LoginDDT ***
2025-01-14 02:42:57 INFO  TC003_LoginDDT:18 - *** Starting TC003_LoginDDT ***
2025-01-14 02:43:08 INFO  TC003_LoginDDT:64 - *** Finished TC003_LoginDDT ***
2025-01-14 02:43:10 INFO  TC003_LoginDDT:18 - *** Starting TC003_LoginDDT ***
2025-01-14 02:43:22 INFO  TC003_LoginDDT:64 - *** Finished TC003_LoginDDT ***
2025-01-14 02:43:24 INFO  TC003_LoginDDT:18 - *** Starting TC003_LoginDDT ***
2025-01-14 02:43:25 INFO  TC003_LoginDDT:64 - *** Finished TC003_LoginDDT ***
2025-01-14 17:34:29 INFO  Utils:112 - [TestNG] Running:
  C:\Users\Lenovo\eclipse-workspace\OpenCartV369\grouping.xml

2025-01-14 17:34:34 INFO  TC001_AccountRegistrationTest:20 - *** Starting TC001_AccountRegistrationTest ***
2025-01-14 17:34:34 INFO  TC001_AccountRegistrationTest:26 - Clicked on MyAccount link..
2025-01-14 17:34:36 INFO  TC001_AccountRegistrationTest:29 - Clicked on Register link..
2025-01-14 17:34:36 INFO  TC001_AccountRegistrationTest:33 - Providing customer details..
2025-01-14 17:34:37 INFO  TC001_AccountRegistrationTest:47 - Validating expected message..
2025-01-14 17:34:37 INFO  TC001_AccountRegistrationTest:59 - *** Finished TC001_AccountRegistrationTest***
2025-01-14 17:34:44 INFO  TC002_LoginTest:19 - ***Starting TC002_LoginTest***
2025-01-14 17:36:32 INFO  Utils:112 - [TestNG] Running:
  C:\Users\Lenovo\eclipse-workspace\OpenCartV369\grouping.xml

2025-01-14 17:36:35 INFO  TC001_AccountRegistrationTest:20 - *** Starting TC001_AccountRegistrationTest ***
2025-01-14 17:36:36 INFO  TC001_AccountRegistrationTest:26 - Clicked on MyAccount link..
2025-01-14 17:36:36 INFO  TC001_AccountRegistrationTest:29 - Clicked on Register link..
2025-01-14 17:36:36 INFO  TC001_AccountRegistrationTest:33 - Providing customer details..
2025-01-14 17:36:37 INFO  TC001_AccountRegistrationTest:47 - Validating expected message..
2025-01-14 17:36:37 INFO  TC001_AccountRegistrationTest:59 - *** Finished TC001_AccountRegistrationTest***
2025-01-14 17:36:44 INFO  TC002_LoginTest:19 - ***Starting TC002_LoginTest***
2025-01-14 17:41:40 INFO  Utils:112 - [TestNG] Running:
  C:\Users\Lenovo\eclipse-workspace\OpenCartV369\grouping.xml

2025-01-14 17:50:39 INFO  Utils:112 - [Utils] MethodGroupsHelper.collectMethodsByGroup() took 0 ms.
2025-01-14 17:50:39 INFO  Utils:112 - [Utils] MethodGroupsHelper.sortMethods() took 3 ms.
2025-01-14 17:50:39 INFO  Utils:112 - [Utils] MethodGroupsHelper.collectMethodsByGroup() took 0 ms.
2025-01-14 17:50:39 INFO  Utils:112 - [Utils] MethodGroupsHelper.sortMethods() took 0 ms.
2025-01-14 17:50:39 INFO  Utils:112 - [Utils] MethodGroupsHelper.collectMethodsByGroup() took 0 ms.
2025-01-14 17:50:39 INFO  Utils:112 - [Utils] MethodGroupsHelper.sortMethods() took 0 ms.
2025-01-14 17:50:39 INFO  Utils:112 - [Utils] MethodGroupsHelper.collectMethodsByGroup() took 0 ms.
2025-01-14 17:50:39 INFO  Utils:112 - [Utils] MethodGroupsHelper.sortMethods() took 0 ms.
2025-01-14 17:50:39 INFO  Utils:112 - [Utils] MethodGroupsHelper.collectMethodsByGroup() took 6 ms.
2025-01-14 17:50:39 INFO  Utils:112 - [Utils] MethodGroupsHelper.sortMethods() took 8 ms.
2025-01-14 17:50:39 INFO  Utils:112 - [Utils] MethodGroupsHelper.collectMethodsByGroup() took 0 ms.
2025-01-14 17:50:39 INFO  Utils:112 - [Utils] MethodGroupsHelper.sortMethods() took 1 ms.
2025-01-14 17:50:39 INFO  Utils:112 - [Utils] MethodGroupsHelper.collectMethodsByGroup() took 0 ms.
2025-01-14 17:50:39 INFO  Utils:112 - [Utils] MethodGroupsHelper.sortMethods() took 0 ms.
2025-01-14 17:50:39 INFO  Utils:112 - [Utils] MethodGroupsHelper.collectMethodsByGroup() took 0 ms.
2025-01-14 17:50:39 INFO  Utils:112 - [Utils] MethodGroupsHelper.sortMethods() took 0 ms.
2025-01-14 17:50:39 INFO  Utils:112 - [Utils] MethodGroupsHelper.collectMethodsByGroup() took 0 ms.
2025-01-14 17:50:39 INFO  Utils:112 - [Utils] MethodGroupsHelper.sortMethods() took 0 ms.
2025-01-14 17:50:39 INFO  Utils:112 - [Utils] MethodGroupsHelper.collectMethodsByGroup() took 0 ms.
2025-01-14 17:50:39 INFO  Utils:112 - [Utils] MethodGroupsHelper.sortMethods() took 0 ms.
2025-01-14 17:50:39 INFO  Utils:112 - [Utils] MethodGroupsHelper.collectMethodsByGroup() took 0 ms.
2025-01-14 17:50:39 INFO  Utils:112 - [Utils] MethodGroupsHelper.sortMethods() took 0 ms.
2025-01-14 17:50:39 INFO  Utils:112 - [Utils] MethodGroupsHelper.collectMethodsByGroup() took 0 ms.
2025-01-14 17:50:39 INFO  Utils:112 - [Utils] MethodGroupsHelper.sortMethods() took 0 ms.
2025-01-14 17:50:39 INFO  Utils:112 - [Utils] MethodGroupsHelper.collectMethodsByGroup() took 0 ms.
2025-01-14 17:50:39 INFO  Utils:112 - [Utils] MethodGroupsHelper.sortMethods() took 1 ms.
2025-01-14 17:50:39 INFO  Utils:112 - [Utils] MethodGroupsHelper.collectMethodsByGroup() took 0 ms.
2025-01-14 17:50:39 INFO  Utils:112 - [Utils] MethodGroupsHelper.sortMethods() took 0 ms.
2025-01-14 17:50:39 INFO  Utils:112 - [Utils] MethodGroupsHelper.collectMethodsByGroup() took 0 ms.
2025-01-14 17:50:39 INFO  Utils:112 - [Utils] MethodGroupsHelper.sortMethods() took 0 ms.
2025-01-14 17:50:39 INFO  Utils:112 - [TestNG] Running:
  C:\Users\Lenovo\AppData\Local\Temp\testng-eclipse-862062096\testng-customsuite.xml

2025-01-14 17:50:39 INFO  Utils:112 - [Utils] DynamicGraphHelper.createDynamicGraph() took 6 ms.
2025-01-14 17:50:40 INFO  Utils:112 - [TestNG] Time taken by org.testng.reporters.jq.Main@51df223b: 65 ms
2025-01-14 17:50:40 INFO  Utils:112 - [TestNG] Time taken by org.testng.reporters.FailedReporter@1e044120: 23 ms
2025-01-14 17:50:40 INFO  Utils:112 - [TestNG] Time taken by org.testng.reporters.XMLReporter@4fcee388: 18 ms
2025-01-14 17:50:40 INFO  Utils:112 - [TestNG] Time taken by org.testng.reporters.EmailableReporter2@5fb97279: 7 ms
2025-01-14 17:50:40 INFO  Utils:112 - [TestNG] Time taken by org.testng.reporters.JUnitReportReporter@40dd3977: 7 ms
2025-01-14 17:50:40 INFO  Utils:112 - [TestNG] Time taken by org.testng.internal.ExitCodeListener@3a4e343: 0 ms
2025-01-14 17:52:26 INFO  Utils:112 - [TestNG] Running:
  C:\Users\Lenovo\eclipse-workspace\OpenCartV369\grouping.xml

2025-01-14 17:52:31 INFO  TC002_LoginTest:19 - ***Starting TC002_LoginTest***
2025-01-14 17:58:00 INFO  Utils:112 - [TestNG] Running:
  C:\Users\Lenovo\eclipse-workspace\OpenCartV369\grouping.xml

2025-01-14 17:58:06 INFO  TC002_LoginTest:19 - ***Starting TC002_LoginTest***
2025-01-14 17:59:37 INFO  Utils:112 - [Utils] MethodGroupsHelper.collectMethodsByGroup() took 0 ms.
2025-01-14 17:59:38 INFO  Utils:112 - [Utils] MethodGroupsHelper.sortMethods() took 2 ms.
2025-01-14 17:59:38 INFO  Utils:112 - [Utils] MethodGroupsHelper.collectMethodsByGroup() took 0 ms.
2025-01-14 17:59:38 INFO  Utils:112 - [Utils] MethodGroupsHelper.sortMethods() took 0 ms.
2025-01-14 17:59:38 INFO  Utils:112 - [Utils] MethodGroupsHelper.collectMethodsByGroup() took 0 ms.
2025-01-14 17:59:38 INFO  Utils:112 - [Utils] MethodGroupsHelper.sortMethods() took 0 ms.
2025-01-14 17:59:38 INFO  Utils:112 - [Utils] MethodGroupsHelper.collectMethodsByGroup() took 0 ms.
2025-01-14 17:59:38 INFO  Utils:112 - [Utils] MethodGroupsHelper.sortMethods() took 0 ms.
2025-01-14 17:59:38 INFO  Utils:112 - [Utils] MethodGroupsHelper.collectMethodsByGroup() took 6 ms.
2025-01-14 17:59:38 INFO  Utils:112 - [Utils] MethodGroupsHelper.sortMethods() took 8 ms.
2025-01-14 17:59:38 INFO  Utils:112 - [Utils] MethodGroupsHelper.collectMethodsByGroup() took 0 ms.
2025-01-14 17:59:38 INFO  Utils:112 - [Utils] MethodGroupsHelper.sortMethods() took 1 ms.
2025-01-14 17:59:38 INFO  Utils:112 - [Utils] MethodGroupsHelper.collectMethodsByGroup() took 0 ms.
2025-01-14 17:59:38 INFO  Utils:112 - [Utils] MethodGroupsHelper.sortMethods() took 0 ms.
2025-01-14 17:59:38 INFO  Utils:112 - [Utils] MethodGroupsHelper.collectMethodsByGroup() took 0 ms.
2025-01-14 17:59:38 INFO  Utils:112 - [Utils] MethodGroupsHelper.sortMethods() took 0 ms.
2025-01-14 17:59:38 INFO  Utils:112 - [Utils] MethodGroupsHelper.collectMethodsByGroup() took 0 ms.
2025-01-14 17:59:38 INFO  Utils:112 - [Utils] MethodGroupsHelper.sortMethods() took 0 ms.
2025-01-14 17:59:38 INFO  Utils:112 - [Utils] MethodGroupsHelper.collectMethodsByGroup() took 0 ms.
2025-01-14 17:59:38 INFO  Utils:112 - [Utils] MethodGroupsHelper.sortMethods() took 0 ms.
2025-01-14 17:59:38 INFO  Utils:112 - [Utils] MethodGroupsHelper.collectMethodsByGroup() took 0 ms.
2025-01-14 17:59:38 INFO  Utils:112 - [Utils] MethodGroupsHelper.sortMethods() took 0 ms.
2025-01-14 17:59:38 INFO  Utils:112 - [Utils] MethodGroupsHelper.collectMethodsByGroup() took 0 ms.
2025-01-14 17:59:38 INFO  Utils:112 - [Utils] MethodGroupsHelper.sortMethods() took 0 ms.
2025-01-14 17:59:38 INFO  Utils:112 - [Utils] MethodGroupsHelper.collectMethodsByGroup() took 0 ms.
2025-01-14 17:59:38 INFO  Utils:112 - [Utils] MethodGroupsHelper.sortMethods() took 1 ms.
2025-01-14 17:59:38 INFO  Utils:112 - [Utils] MethodGroupsHelper.collectMethodsByGroup() took 0 ms.
2025-01-14 17:59:38 INFO  Utils:112 - [Utils] MethodGroupsHelper.sortMethods() took 0 ms.
2025-01-14 17:59:38 INFO  Utils:112 - [Utils] MethodGroupsHelper.collectMethodsByGroup() took 0 ms.
2025-01-14 17:59:38 INFO  Utils:112 - [Utils] MethodGroupsHelper.sortMethods() took 0 ms.
2025-01-14 17:59:38 INFO  Utils:112 - [TestNG] Running:
  C:\Users\Lenovo\AppData\Local\Temp\testng-eclipse--1674236591\testng-customsuite.xml

2025-01-14 17:59:38 INFO  Utils:112 - [Utils] DynamicGraphHelper.createDynamicGraph() took 5 ms.
2025-01-14 17:59:38 INFO  Utils:112 - [TestNG] Time taken by org.testng.reporters.jq.Main@3003697: 65 ms
2025-01-14 17:59:38 INFO  Utils:112 - [TestNG] Time taken by org.testng.reporters.FailedReporter@240139e1: 13 ms
2025-01-14 17:59:38 INFO  Utils:112 - [TestNG] Time taken by org.testng.reporters.XMLReporter@44f9779c: 13 ms
2025-01-14 17:59:38 INFO  Utils:112 - [TestNG] Time taken by org.testng.reporters.EmailableReporter2@21ae6e73: 8 ms
2025-01-14 17:59:38 INFO  Utils:112 - [TestNG] Time taken by org.testng.reporters.JUnitReportReporter@3ae66c85: 6 ms
2025-01-14 17:59:38 INFO  Utils:112 - [TestNG] Time taken by org.testng.internal.ExitCodeListener@16943e88: 0 ms
2025-01-14 18:00:03 INFO  Utils:112 - [Utils] MethodGroupsHelper.collectMethodsByGroup() took 1 ms.
2025-01-14 18:00:03 INFO  Utils:112 - [Utils] MethodGroupsHelper.sortMethods() took 3 ms.
2025-01-14 18:00:03 INFO  Utils:112 - [Utils] MethodGroupsHelper.collectMethodsByGroup() took 0 ms.
2025-01-14 18:00:03 INFO  Utils:112 - [Utils] MethodGroupsHelper.sortMethods() took 0 ms.
2025-01-14 18:00:03 INFO  Utils:112 - [Utils] MethodGroupsHelper.collectMethodsByGroup() took 0 ms.
2025-01-14 18:00:03 INFO  Utils:112 - [Utils] MethodGroupsHelper.sortMethods() took 0 ms.
2025-01-14 18:00:03 INFO  Utils:112 - [Utils] MethodGroupsHelper.collectMethodsByGroup() took 0 ms.
2025-01-14 18:00:03 INFO  Utils:112 - [Utils] MethodGroupsHelper.sortMethods() took 0 ms.
2025-01-14 18:00:03 INFO  Utils:112 - [Utils] MethodGroupsHelper.collectMethodsByGroup() took 6 ms.
2025-01-14 18:00:03 INFO  Utils:112 - [Utils] MethodGroupsHelper.sortMethods() took 6 ms.
2025-01-14 18:00:03 INFO  Utils:112 - [Utils] MethodGroupsHelper.collectMethodsByGroup() took 0 ms.
2025-01-14 18:00:03 INFO  Utils:112 - [Utils] MethodGroupsHelper.sortMethods() took 0 ms.
2025-01-14 18:00:03 INFO  Utils:112 - [Utils] MethodGroupsHelper.collectMethodsByGroup() took 0 ms.
2025-01-14 18:00:03 INFO  Utils:112 - [Utils] MethodGroupsHelper.sortMethods() took 0 ms.
2025-01-14 18:00:03 INFO  Utils:112 - [Utils] MethodGroupsHelper.collectMethodsByGroup() took 0 ms.
2025-01-14 18:00:03 INFO  Utils:112 - [Utils] MethodGroupsHelper.sortMethods() took 0 ms.
2025-01-14 18:00:03 INFO  Utils:112 - [Utils] MethodGroupsHelper.collectMethodsByGroup() took 0 ms.
2025-01-14 18:00:03 INFO  Utils:112 - [Utils] MethodGroupsHelper.sortMethods() took 0 ms.
2025-01-14 18:00:03 INFO  Utils:112 - [Utils] MethodGroupsHelper.collectMethodsByGroup() took 0 ms.
2025-01-14 18:00:03 INFO  Utils:112 - [Utils] MethodGroupsHelper.sortMethods() took 0 ms.
2025-01-14 18:00:03 INFO  Utils:112 - [Utils] MethodGroupsHelper.collectMethodsByGroup() took 0 ms.
2025-01-14 18:00:03 INFO  Utils:112 - [Utils] MethodGroupsHelper.sortMethods() took 0 ms.
2025-01-14 18:00:03 INFO  Utils:112 - [Utils] MethodGroupsHelper.collectMethodsByGroup() took 0 ms.
2025-01-14 18:00:03 INFO  Utils:112 - [Utils] MethodGroupsHelper.sortMethods() took 0 ms.
2025-01-14 18:00:03 INFO  Utils:112 - [Utils] MethodGroupsHelper.collectMethodsByGroup() took 0 ms.
2025-01-14 18:00:03 INFO  Utils:112 - [Utils] MethodGroupsHelper.sortMethods() took 0 ms.
2025-01-14 18:00:03 INFO  Utils:112 - [Utils] MethodGroupsHelper.collectMethodsByGroup() took 0 ms.
2025-01-14 18:00:03 INFO  Utils:112 - [Utils] MethodGroupsHelper.sortMethods() took 0 ms.
2025-01-14 18:00:03 INFO  Utils:112 - [Utils] MethodGroupsHelper.collectMethodsByGroup() took 0 ms.
2025-01-14 18:00:03 INFO  Utils:112 - [Utils] MethodGroupsHelper.sortMethods() took 0 ms.
2025-01-14 18:00:03 INFO  Utils:112 - [TestNG] Running:
  C:\Users\Lenovo\AppData\Local\Temp\testng-eclipse-1147942564\testng-customsuite.xml

2025-01-14 18:00:03 INFO  Utils:112 - [Utils] DynamicGraphHelper.createDynamicGraph() took 5 ms.
2025-01-14 18:00:04 INFO  Utils:112 - [TestNG] Time taken by org.testng.reporters.jq.Main@51df223b: 64 ms
2025-01-14 18:00:04 INFO  Utils:112 - [TestNG] Time taken by org.testng.reporters.FailedReporter@1e044120: 18 ms
2025-01-14 18:00:04 INFO  Utils:112 - [TestNG] Time taken by org.testng.reporters.XMLReporter@4fcee388: 13 ms
2025-01-14 18:00:04 INFO  Utils:112 - [TestNG] Time taken by org.testng.reporters.EmailableReporter2@5fb97279: 13 ms
2025-01-14 18:00:04 INFO  Utils:112 - [TestNG] Time taken by org.testng.reporters.JUnitReportReporter@40dd3977: 6 ms
2025-01-14 18:00:04 INFO  Utils:112 - [TestNG] Time taken by org.testng.internal.ExitCodeListener@3a4e343: 2 ms
2025-01-14 18:00:29 INFO  Utils:112 - [TestNG] Running:
  C:\Users\Lenovo\eclipse-workspace\OpenCartV369\grouping.xml

2025-01-14 18:00:34 INFO  TC002_LoginTest:19 - ***Starting TC002_LoginTest***
2025-01-14 18:04:55 INFO  Utils:112 - [Utils] MethodGroupsHelper.collectMethodsByGroup() took 0 ms.
2025-01-14 18:04:55 INFO  Utils:112 - [Utils] MethodGroupsHelper.sortMethods() took 2 ms.
2025-01-14 18:04:55 INFO  Utils:112 - [Utils] MethodGroupsHelper.collectMethodsByGroup() took 0 ms.
2025-01-14 18:04:55 INFO  Utils:112 - [Utils] MethodGroupsHelper.sortMethods() took 0 ms.
2025-01-14 18:04:55 INFO  Utils:112 - [Utils] MethodGroupsHelper.collectMethodsByGroup() took 0 ms.
2025-01-14 18:04:55 INFO  Utils:112 - [Utils] MethodGroupsHelper.sortMethods() took 0 ms.
2025-01-14 18:04:55 INFO  Utils:112 - [Utils] MethodGroupsHelper.collectMethodsByGroup() took 0 ms.
2025-01-14 18:04:55 INFO  Utils:112 - [Utils] MethodGroupsHelper.sortMethods() took 0 ms.
2025-01-14 18:04:55 INFO  Utils:112 - [Utils] MethodGroupsHelper.collectMethodsByGroup() took 6 ms.
2025-01-14 18:04:55 INFO  Utils:112 - [Utils] MethodGroupsHelper.sortMethods() took 9 ms.
2025-01-14 18:04:55 INFO  Utils:112 - [Utils] MethodGroupsHelper.collectMethodsByGroup() took 0 ms.
2025-01-14 18:04:55 INFO  Utils:112 - [Utils] MethodGroupsHelper.sortMethods() took 0 ms.
2025-01-14 18:04:55 INFO  Utils:112 - [Utils] MethodGroupsHelper.collectMethodsByGroup() took 0 ms.
2025-01-14 18:04:55 INFO  Utils:112 - [Utils] MethodGroupsHelper.sortMethods() took 0 ms.
2025-01-14 18:04:55 INFO  Utils:112 - [Utils] MethodGroupsHelper.collectMethodsByGroup() took 0 ms.
2025-01-14 18:04:55 INFO  Utils:112 - [Utils] MethodGroupsHelper.sortMethods() took 0 ms.
2025-01-14 18:04:55 INFO  Utils:112 - [Utils] MethodGroupsHelper.collectMethodsByGroup() took 0 ms.
2025-01-14 18:04:55 INFO  Utils:112 - [Utils] MethodGroupsHelper.sortMethods() took 0 ms.
2025-01-14 18:04:55 INFO  Utils:112 - [Utils] MethodGroupsHelper.collectMethodsByGroup() took 0 ms.
2025-01-14 18:04:55 INFO  Utils:112 - [Utils] MethodGroupsHelper.sortMethods() took 0 ms.
2025-01-14 18:04:55 INFO  Utils:112 - [Utils] MethodGroupsHelper.collectMethodsByGroup() took 0 ms.
2025-01-14 18:04:55 INFO  Utils:112 - [Utils] MethodGroupsHelper.sortMethods() took 0 ms.
2025-01-14 18:04:55 INFO  Utils:112 - [Utils] MethodGroupsHelper.collectMethodsByGroup() took 0 ms.
2025-01-14 18:04:55 INFO  Utils:112 - [Utils] MethodGroupsHelper.sortMethods() took 0 ms.
2025-01-14 18:04:55 INFO  Utils:112 - [Utils] MethodGroupsHelper.collectMethodsByGroup() took 0 ms.
2025-01-14 18:04:55 INFO  Utils:112 - [Utils] MethodGroupsHelper.sortMethods() took 0 ms.
2025-01-14 18:04:55 INFO  Utils:112 - [Utils] MethodGroupsHelper.collectMethodsByGroup() took 0 ms.
2025-01-14 18:04:55 INFO  Utils:112 - [Utils] MethodGroupsHelper.sortMethods() took 0 ms.
2025-01-14 18:04:55 INFO  Utils:112 - [Utils] MethodGroupsHelper.collectMethodsByGroup() took 0 ms.
2025-01-14 18:04:55 INFO  Utils:112 - [Utils] MethodGroupsHelper.sortMethods() took 0 ms.
2025-01-14 18:04:55 INFO  Utils:112 - [TestNG] Running:
  C:\Users\Lenovo\AppData\Local\Temp\testng-eclipse--1925986610\testng-customsuite.xml

2025-01-14 18:04:55 INFO  Utils:112 - [Utils] DynamicGraphHelper.createDynamicGraph() took 6 ms.
2025-01-14 18:04:55 INFO  Utils:112 - [TestNG] Time taken by org.testng.reporters.jq.Main@3003697: 66 ms
2025-01-14 18:04:55 INFO  Utils:112 - [TestNG] Time taken by org.testng.reporters.FailedReporter@240139e1: 13 ms
2025-01-14 18:04:55 INFO  Utils:112 - [TestNG] Time taken by org.testng.reporters.XMLReporter@44f9779c: 12 ms
2025-01-14 18:04:55 INFO  Utils:112 - [TestNG] Time taken by org.testng.reporters.EmailableReporter2@21ae6e73: 6 ms
2025-01-14 18:04:55 INFO  Utils:112 - [TestNG] Time taken by org.testng.reporters.JUnitReportReporter@1adb7478: 8 ms
2025-01-14 18:04:55 INFO  Utils:112 - [TestNG] Time taken by org.testng.internal.ExitCodeListener@3ae66c85: 0 ms
2025-01-14 18:05:44 INFO  Utils:112 - [Utils] MethodGroupsHelper.collectMethodsByGroup() took 0 ms.
2025-01-14 18:05:44 INFO  Utils:112 - [Utils] MethodGroupsHelper.sortMethods() took 3 ms.
2025-01-14 18:05:44 INFO  Utils:112 - [Utils] MethodGroupsHelper.collectMethodsByGroup() took 0 ms.
2025-01-14 18:05:44 INFO  Utils:112 - [Utils] MethodGroupsHelper.sortMethods() took 0 ms.
2025-01-14 18:05:44 INFO  Utils:112 - [Utils] MethodGroupsHelper.collectMethodsByGroup() took 0 ms.
2025-01-14 18:05:44 INFO  Utils:112 - [Utils] MethodGroupsHelper.sortMethods() took 0 ms.
2025-01-14 18:05:44 INFO  Utils:112 - [Utils] MethodGroupsHelper.collectMethodsByGroup() took 0 ms.
2025-01-14 18:05:44 INFO  Utils:112 - [Utils] MethodGroupsHelper.sortMethods() took 0 ms.
2025-01-14 18:05:44 INFO  Utils:112 - [Utils] MethodGroupsHelper.collectMethodsByGroup() took 8 ms.
2025-01-14 18:05:44 INFO  Utils:112 - [Utils] MethodGroupsHelper.sortMethods() took 7 ms.
2025-01-14 18:05:44 INFO  Utils:112 - [Utils] MethodGroupsHelper.collectMethodsByGroup() took 0 ms.
2025-01-14 18:05:44 INFO  Utils:112 - [Utils] MethodGroupsHelper.sortMethods() took 1 ms.
2025-01-14 18:05:44 INFO  Utils:112 - [Utils] MethodGroupsHelper.collectMethodsByGroup() took 0 ms.
2025-01-14 18:05:44 INFO  Utils:112 - [Utils] MethodGroupsHelper.sortMethods() took 0 ms.
2025-01-14 18:05:44 INFO  Utils:112 - [Utils] MethodGroupsHelper.collectMethodsByGroup() took 0 ms.
2025-01-14 18:05:44 INFO  Utils:112 - [Utils] MethodGroupsHelper.sortMethods() took 0 ms.
2025-01-14 18:05:44 INFO  Utils:112 - [Utils] MethodGroupsHelper.collectMethodsByGroup() took 0 ms.
2025-01-14 18:05:44 INFO  Utils:112 - [Utils] MethodGroupsHelper.sortMethods() took 0 ms.
2025-01-14 18:05:44 INFO  Utils:112 - [Utils] MethodGroupsHelper.collectMethodsByGroup() took 0 ms.
2025-01-14 18:05:44 INFO  Utils:112 - [Utils] MethodGroupsHelper.sortMethods() took 0 ms.
2025-01-14 18:05:44 INFO  Utils:112 - [Utils] MethodGroupsHelper.collectMethodsByGroup() took 0 ms.
2025-01-14 18:05:44 INFO  Utils:112 - [Utils] MethodGroupsHelper.sortMethods() took 0 ms.
2025-01-14 18:05:44 INFO  Utils:112 - [Utils] MethodGroupsHelper.collectMethodsByGroup() took 0 ms.
2025-01-14 18:05:44 INFO  Utils:112 - [Utils] MethodGroupsHelper.sortMethods() took 0 ms.
2025-01-14 18:05:44 INFO  Utils:112 - [Utils] MethodGroupsHelper.collectMethodsByGroup() took 1 ms.
2025-01-14 18:05:44 INFO  Utils:112 - [Utils] MethodGroupsHelper.sortMethods() took 0 ms.
2025-01-14 18:05:44 INFO  Utils:112 - [Utils] MethodGroupsHelper.collectMethodsByGroup() took 0 ms.
2025-01-14 18:05:44 INFO  Utils:112 - [Utils] MethodGroupsHelper.sortMethods() took 0 ms.
2025-01-14 18:05:44 INFO  Utils:112 - [Utils] MethodGroupsHelper.collectMethodsByGroup() took 0 ms.
2025-01-14 18:05:44 INFO  Utils:112 - [Utils] MethodGroupsHelper.sortMethods() took 0 ms.
2025-01-14 18:05:44 INFO  Utils:112 - [TestNG] Running:
  C:\Users\Lenovo\AppData\Local\Temp\testng-eclipse--914825985\testng-customsuite.xml

2025-01-14 18:05:44 INFO  Utils:112 - [Utils] DynamicGraphHelper.createDynamicGraph() took 5 ms.
2025-01-14 18:05:44 INFO  Utils:112 - [TestNG] Time taken by org.testng.reporters.jq.Main@3003697: 56 ms
2025-01-14 18:05:44 INFO  Utils:112 - [TestNG] Time taken by org.testng.reporters.FailedReporter@240139e1: 15 ms
2025-01-14 18:05:44 INFO  Utils:112 - [TestNG] Time taken by org.testng.reporters.XMLReporter@44f9779c: 14 ms
2025-01-14 18:05:44 INFO  Utils:112 - [TestNG] Time taken by org.testng.reporters.EmailableReporter2@21ae6e73: 9 ms
2025-01-14 18:05:44 INFO  Utils:112 - [TestNG] Time taken by org.testng.reporters.JUnitReportReporter@1adb7478: 9 ms
2025-01-14 18:05:44 INFO  Utils:112 - [TestNG] Time taken by org.testng.internal.ExitCodeListener@3ae66c85: 1 ms
2025-01-14 18:12:04 INFO  Utils:112 - [TestNG] Running:
  C:\Users\Lenovo\eclipse-workspace\OpenCartV369\grouping.xml

2025-01-14 18:15:45 INFO  Utils:112 - [TestNG] Running:
  C:\Users\Lenovo\eclipse-workspace\OpenCartV369\grouping.xml

2025-01-14 18:16:37 INFO  Utils:112 - [TestNG] Running:
  C:\Users\Lenovo\eclipse-workspace\OpenCartV369\grouping.xml

2025-01-14 18:18:44 INFO  Utils:112 - [TestNG] Running:
  C:\Users\Lenovo\eclipse-workspace\OpenCartV369\grouping.xml

2025-01-14 18:27:35 INFO  Utils:112 - [TestNG] Running:
  C:\Users\Lenovo\eclipse-workspace\OpenCartV369\grouping.xml

2025-01-14 18:27:39 INFO  TC002_LoginTest:19 - ***Starting TC002_LoginTest***
2025-01-14 18:36:42 INFO  Utils:112 - [TestNG] Running:
  C:\Users\Lenovo\eclipse-workspace\OpenCartV369\grouping.xml

2025-01-14 18:36:47 INFO  TC002_LoginTest:21 - ***Starting TC002_LoginTest***
2025-01-14 18:36:48 INFO  TC002_LoginTest:64 - *** Finished TC_002_LoginTest ***
2025-01-14 21:26:03 INFO  Utils:112 - [TestNG] Running:
  C:\Users\Lenovo\eclipse-workspace\OpenCartV369\grouping.xml

2025-01-14 21:26:08 INFO  TC001_AccountRegistrationTest:20 - *** Starting TC001_AccountRegistrationTest ***
2025-01-14 21:26:08 INFO  TC001_AccountRegistrationTest:26 - Clicked on MyAccount link..
2025-01-14 21:26:09 INFO  TC001_AccountRegistrationTest:29 - Clicked on Register link..
2025-01-14 21:26:09 INFO  TC001_AccountRegistrationTest:33 - Providing customer details..
2025-01-14 21:26:10 INFO  TC001_AccountRegistrationTest:47 - Validating expected message..
2025-01-14 21:26:10 INFO  TC001_AccountRegistrationTest:59 - *** Finished TC001_AccountRegistrationTest***
2025-01-14 21:26:16 INFO  TC002_LoginTest:21 - ***Starting TC002_LoginTest***
2025-01-14 21:26:18 INFO  TC002_LoginTest:64 - *** Finished TC_002_LoginTest ***
2025-01-14 21:45:47 INFO  Utils:112 - [TestNG] Running:
  C:\Users\Lenovo\eclipse-workspace\OpenCartV369\grouping.xml

2025-01-14 21:45:53 INFO  TC001_AccountRegistrationTest:20 - *** Starting TC001_AccountRegistrationTest ***
2025-01-14 21:45:53 INFO  TC001_AccountRegistrationTest:26 - Clicked on MyAccount link..
2025-01-14 21:45:54 INFO  TC001_AccountRegistrationTest:29 - Clicked on Register link..
2025-01-14 21:45:54 INFO  TC001_AccountRegistrationTest:33 - Providing customer details..
2025-01-14 21:45:56 INFO  TC001_AccountRegistrationTest:47 - Validating expected message..
2025-01-14 21:45:56 INFO  TC001_AccountRegistrationTest:59 - *** Finished TC001_AccountRegistrationTest***
2025-01-14 21:46:02 INFO  TC002_LoginTest:21 - ***Starting TC002_LoginTest***
2025-01-15 12:09:14 INFO  Utils:112 - [TestNG] Running:
  C:\Users\Lenovo\eclipse-workspace\OpenCartV369\master.xml

2025-01-15 12:09:20 INFO  TC003_LoginDDT:18 - *** Starting TC003_LoginDDT ***
2025-01-15 12:09:31 INFO  TC003_LoginDDT:18 - *** Starting TC003_LoginDDT ***
2025-01-15 12:09:33 INFO  TC003_LoginDDT:64 - *** Finished TC003_LoginDDT ***
2025-01-15 12:09:35 INFO  TC003_LoginDDT:18 - *** Starting TC003_LoginDDT ***
2025-01-15 12:09:46 INFO  TC003_LoginDDT:64 - *** Finished TC003_LoginDDT ***
2025-01-15 12:09:48 INFO  TC003_LoginDDT:18 - *** Starting TC003_LoginDDT ***
2025-01-15 12:09:59 INFO  TC003_LoginDDT:64 - *** Finished TC003_LoginDDT ***
2025-01-15 12:10:01 INFO  TC003_LoginDDT:18 - *** Starting TC003_LoginDDT ***
2025-01-15 12:10:05 INFO  TC003_LoginDDT:64 - *** Finished TC003_LoginDDT ***
2025-01-15 12:15:22 INFO  Utils:112 - [TestNG] Running:
  C:\Users\Lenovo\eclipse-workspace\OpenCartV369\master.xml

2025-01-15 12:15:27 INFO  TC001_AccountRegistrationTest:20 - *** Starting TC001_AccountRegistrationTest ***
2025-01-15 12:15:27 INFO  TC001_AccountRegistrationTest:26 - Clicked on MyAccount link..
2025-01-15 12:15:28 INFO  TC001_AccountRegistrationTest:29 - Clicked on Register link..
2025-01-15 12:15:28 INFO  TC001_AccountRegistrationTest:33 - Providing customer details..
2025-01-15 12:15:29 INFO  TC001_AccountRegistrationTest:47 - Validating expected message..
2025-01-15 12:15:29 INFO  TC001_AccountRegistrationTest:59 - *** Finished TC001_AccountRegistrationTest***
2025-01-15 12:15:34 INFO  TC002_LoginTest:21 - ***Starting TC002_LoginTest***
2025-01-15 12:16:30 INFO  Utils:112 - [TestNG] Running:
  C:\Users\Lenovo\eclipse-workspace\OpenCartV369\master.xml

2025-01-15 12:16:34 INFO  TC001_AccountRegistrationTest:20 - *** Starting TC001_AccountRegistrationTest ***
2025-01-15 12:16:35 INFO  TC001_AccountRegistrationTest:26 - Clicked on MyAccount link..
2025-01-15 12:16:35 INFO  TC001_AccountRegistrationTest:29 - Clicked on Register link..
2025-01-15 12:16:35 INFO  TC001_AccountRegistrationTest:33 - Providing customer details..
2025-01-15 12:16:36 INFO  TC001_AccountRegistrationTest:47 - Validating expected message..
2025-01-15 12:16:36 INFO  TC001_AccountRegistrationTest:59 - *** Finished TC001_AccountRegistrationTest***
2025-01-15 12:16:42 INFO  TC002_LoginTest:21 - ***Starting TC002_LoginTest***
2025-01-15 18:17:47 INFO  Utils:112 - [TestNG] Running:
  C:\Users\Lenovo\eclipse-workspace\OpenCartV369\grid-docker.xml

2025-01-15 18:17:53 INFO  TC001_AccountRegistrationTest:20 - *** Starting TC001_AccountRegistrationTest ***
2025-01-15 18:17:53 INFO  TC001_AccountRegistrationTest:26 - Clicked on MyAccount link..
2025-01-15 18:17:54 INFO  TC001_AccountRegistrationTest:29 - Clicked on Register link..
2025-01-15 18:17:54 INFO  TC001_AccountRegistrationTest:33 - Providing customer details..
2025-01-15 18:17:55 INFO  TC001_AccountRegistrationTest:47 - Validating expected message..
2025-01-15 18:17:55 INFO  TC001_AccountRegistrationTest:59 - *** Finished TC001_AccountRegistrationTest***
2025-01-15 18:17:59 INFO  TC002_LoginTest:21 - ***Starting TC002_LoginTest***
2025-01-15 19:56:29 INFO  Utils:112 - [TestNG] Running:
  C:\Users\Lenovo\eclipse-workspace\OpenCartV369\master.xml

2025-01-15 19:56:34 INFO  TC001_AccountRegistrationTest:20 - *** Starting TC001_AccountRegistrationTest ***
2025-01-15 19:56:34 INFO  TC001_AccountRegistrationTest:26 - Clicked on MyAccount link..
2025-01-15 19:56:35 INFO  TC001_AccountRegistrationTest:29 - Clicked on Register link..
2025-01-15 19:56:35 INFO  TC001_AccountRegistrationTest:33 - Providing customer details..
2025-01-15 19:56:36 INFO  TC001_AccountRegistrationTest:47 - Validating expected message..
2025-01-15 19:56:36 INFO  TC001_AccountRegistrationTest:59 - *** Finished TC001_AccountRegistrationTest***
2025-01-15 19:56:41 INFO  TC002_LoginTest:21 - ***Starting TC002_LoginTest***
2025-01-16 10:45:44 INFO  TC001_AccountRegistrationTest:20 - *** Starting TC001_AccountRegistrationTest ***
2025-01-16 10:45:44 INFO  TC001_AccountRegistrationTest:26 - Clicked on MyAccount link..
2025-01-16 10:45:45 INFO  TC001_AccountRegistrationTest:29 - Clicked on Register link..
2025-01-16 10:45:45 INFO  TC001_AccountRegistrationTest:33 - Providing customer details..
2025-01-16 10:45:47 INFO  TC001_AccountRegistrationTest:47 - Validating expected message..
2025-01-16 10:45:47 INFO  TC001_AccountRegistrationTest:59 - *** Finished TC001_AccountRegistrationTest***
2025-01-16 10:45:50 INFO  TC002_LoginTest:21 - ***Starting TC002_LoginTest***
2025-01-16 11:12:42 INFO  TC001_AccountRegistrationTest:20 - *** Starting TC001_AccountRegistrationTest ***
2025-01-16 11:12:42 INFO  TC001_AccountRegistrationTest:26 - Clicked on MyAccount link..
2025-01-16 11:12:43 INFO  TC001_AccountRegistrationTest:29 - Clicked on Register link..
2025-01-16 11:12:43 INFO  TC001_AccountRegistrationTest:33 - Providing customer details..
2025-01-16 11:12:44 INFO  TC001_AccountRegistrationTest:47 - Validating expected message..
2025-01-16 11:12:44 INFO  TC001_AccountRegistrationTest:59 - *** Finished TC001_AccountRegistrationTest***
2025-01-16 11:12:51 INFO  TC002_LoginTest:21 - ***Starting TC002_LoginTest***
2025-01-16 11:20:13 INFO  TC001_AccountRegistrationTest:20 - *** Starting TC001_AccountRegistrationTest ***
2025-01-16 11:20:13 INFO  TC001_AccountRegistrationTest:26 - Clicked on MyAccount link..
2025-01-16 11:20:16 INFO  TC001_AccountRegistrationTest:29 - Clicked on Register link..
2025-01-16 11:20:16 INFO  TC001_AccountRegistrationTest:33 - Providing customer details..
2025-01-16 11:20:17 INFO  TC001_AccountRegistrationTest:47 - Validating expected message..
2025-01-16 11:20:17 INFO  TC001_AccountRegistrationTest:59 - *** Finished TC001_AccountRegistrationTest***
2025-01-16 11:20:20 INFO  TC002_LoginTest:21 - ***Starting TC002_LoginTest***
